2015/01/07 16:38:05 [error] [exception.CException] exception 'CException' with message 'SiteController cannot find the requested view "//layouts/leftmenu".' in E:\wamp\www\yii\framework\web\CController.php:878
Stack trace:
#0 E:\wamp\www\yii\newyii\themes\twtheme\views\layouts\main.php(41): CController->renderPartial('//layouts/leftm...')
#1 E:\wamp\www\yii\framework\web\CBaseController.php(126): require('E:\wamp\www\yii...')
#2 E:\wamp\www\yii\framework\web\CBaseController.php(95): CBaseController->renderInternal('E:\wamp\www\yii...', Array, true)
#3 E:\wamp\www\yii\framework\web\widgets\CContentDecorator.php(76): CBaseController->renderFile('E:\wamp\www\yii...', Array, true)
#4 E:\wamp\www\yii\framework\web\widgets\CContentDecorator.php(54): CContentDecorator->decorate('<div id="conten...')
#5 E:\wamp\www\yii\framework\web\widgets\COutputProcessor.php(44): CContentDecorator->processOutput('<div id="conten...')
#6 E:\wamp\www\yii\framework\web\CBaseController.php(214): COutputProcessor->run()
#7 E:\wamp\www\yii\framework\web\CBaseController.php(308): CBaseController->endWidget('CContentDecorat...')
#8 E:\wamp\www\yii\newyii\themes\twtheme\views\layouts\column1.php(6): CBaseController->endContent()
#9 E:\wamp\www\yii\framework\web\CBaseController.php(126): require('E:\wamp\www\yii...')
#10 E:\wamp\www\yii\framework\web\CBaseController.php(95): CBaseController->renderInternal('E:\wamp\www\yii...', Array, true)
#11 E:\wamp\www\yii\framework\web\CController.php(784): CBaseController->renderFile('E:\wamp\www\yii...', Array, true)
#12 E:\wamp\www\yii\newyii\protected\controllers\SiteController.php(32): CController->render('index')
#13 E:\wamp\www\yii\framework\web\actions\CInlineAction.php(49): SiteController->actionIndex()
#14 E:\wamp\www\yii\framework\web\CController.php(308): CInlineAction->runWithParams(Array)
#15 E:\wamp\www\yii\framework\web\CController.php(286): CController->runAction(Object(CInlineAction))
#16 E:\wamp\www\yii\framework\web\CController.php(265): CController->runActionWithFilters(Object(CInlineAction), Array)
#17 E:\wamp\www\yii\framework\web\CWebApplication.php(282): CController->run('')
#18 E:\wamp\www\yii\framework\web\CWebApplication.php(141): CWebApplication->runController(false)
#19 E:\wamp\www\yii\framework\base\CApplication.php(184): CWebApplication->processRequest()
#20 E:\wamp\www\yii\newyii\index.php(13): CApplication->run()
#21 {main}
REQUEST_URI=/
---
2015/01/07 16:45:29 [error] [exception.CException] exception 'CException' with message 'SiteController cannot find the requested view "//layouts/leftm".' in E:\wamp\www\yii\framework\web\CController.php:878
Stack trace:
#0 E:\wamp\www\yii\newyii\themes\twtheme\views\layouts\main.php(41): CController->renderPartial('//layouts/leftm')
#1 E:\wamp\www\yii\framework\web\CBaseController.php(126): require('E:\wamp\www\yii...')
#2 E:\wamp\www\yii\framework\web\CBaseController.php(95): CBaseController->renderInternal('E:\wamp\www\yii...', Array, true)
#3 E:\wamp\www\yii\framework\web\widgets\CContentDecorator.php(76): CBaseController->renderFile('E:\wamp\www\yii...', Array, true)
#4 E:\wamp\www\yii\framework\web\widgets\CContentDecorator.php(54): CContentDecorator->decorate('<div id="conten...')
#5 E:\wamp\www\yii\framework\web\widgets\COutputProcessor.php(44): CContentDecorator->processOutput('<div id="conten...')
#6 E:\wamp\www\yii\framework\web\CBaseController.php(214): COutputProcessor->run()
#7 E:\wamp\www\yii\framework\web\CBaseController.php(308): CBaseController->endWidget('CContentDecorat...')
#8 E:\wamp\www\yii\newyii\themes\twtheme\views\layouts\column1.php(6): CBaseController->endContent()
#9 E:\wamp\www\yii\framework\web\CBaseController.php(126): require('E:\wamp\www\yii...')
#10 E:\wamp\www\yii\framework\web\CBaseController.php(95): CBaseController->renderInternal('E:\wamp\www\yii...', Array, true)
#11 E:\wamp\www\yii\framework\web\CController.php(784): CBaseController->renderFile('E:\wamp\www\yii...', Array, true)
#12 E:\wamp\www\yii\newyii\protected\controllers\SiteController.php(32): CController->render('index')
#13 E:\wamp\www\yii\framework\web\actions\CInlineAction.php(49): SiteController->actionIndex()
#14 E:\wamp\www\yii\framework\web\CController.php(308): CInlineAction->runWithParams(Array)
#15 E:\wamp\www\yii\framework\web\CController.php(286): CController->runAction(Object(CInlineAction))
#16 E:\wamp\www\yii\framework\web\CController.php(265): CController->runActionWithFilters(Object(CInlineAction), Array)
#17 E:\wamp\www\yii\framework\web\CWebApplication.php(282): CController->run('')
#18 E:\wamp\www\yii\framework\web\CWebApplication.php(141): CWebApplication->runController(false)
#19 E:\wamp\www\yii\framework\base\CApplication.php(184): CWebApplication->processRequest()
#20 E:\wamp\www\yii\newyii\index.php(13): CApplication->run()
#21 {main}
REQUEST_URI=/gii
---
2015/01/07 16:53:53 [error] [exception.CDbException] exception 'CDbException' with message 'CDbConnection failed to open the DB connection: SQLSTATE[42000] [1049] Unknown database 'masterdefaultfv4'' in E:\wamp\www\yii\framework\db\CDbConnection.php:399
Stack trace:
#0 E:\wamp\www\yii\framework\db\CDbConnection.php(347): CDbConnection->open()
#1 E:\wamp\www\yii\framework\db\CDbConnection.php(325): CDbConnection->setActive(true)
#2 E:\wamp\www\yii\framework\base\CModule.php(394): CDbConnection->init()
#3 E:\wamp\www\yii\framework\base\CModule.php(103): CModule->getComponent('db')
#4 E:\wamp\www\yii\framework\gii\generators\model\ModelCode.php(60): CModule->__get('db')
#5 E:\wamp\www\yii\framework\web\CFormModel.php(39): ModelCode->init()
#6 E:\wamp\www\yii\framework\gii\CCodeGenerator.php(153): CFormModel->__construct()
#7 E:\wamp\www\yii\framework\gii\CCodeGenerator.php(63): CCodeGenerator->prepare()
#8 E:\wamp\www\yii\framework\web\actions\CInlineAction.php(49): CCodeGenerator->actionIndex()
#9 E:\wamp\www\yii\framework\web\CController.php(308): CInlineAction->runWithParams(Array)
#10 E:\wamp\www\yii\framework\web\CController.php(286): CController->runAction(Object(CInlineAction))
#11 E:\wamp\www\yii\framework\web\CController.php(265): CController->runActionWithFilters(Object(CInlineAction), Array)
#12 E:\wamp\www\yii\framework\web\CWebApplication.php(282): CController->run('index')
#13 E:\wamp\www\yii\framework\web\CWebApplication.php(141): CWebApplication->runController('gii/model/index')
#14 E:\wamp\www\yii\framework\base\CApplication.php(184): CWebApplication->processRequest()
#15 E:\wamp\www\yii\newyii\index.php(13): CApplication->run()
#16 {main}
REQUEST_URI=/gii/model/index
---
2015/01/07 16:54:00 [error] [exception.CDbException] exception 'CDbException' with message 'CDbConnection failed to open the DB connection: SQLSTATE[42000] [1049] Unknown database 'masterdefaultfv4'' in E:\wamp\www\yii\framework\db\CDbConnection.php:399
Stack trace:
#0 E:\wamp\www\yii\framework\db\CDbConnection.php(347): CDbConnection->open()
#1 E:\wamp\www\yii\framework\db\CDbConnection.php(325): CDbConnection->setActive(true)
#2 E:\wamp\www\yii\framework\base\CModule.php(394): CDbConnection->init()
#3 E:\wamp\www\yii\framework\base\CModule.php(103): CModule->getComponent('db')
#4 E:\wamp\www\yii\framework\gii\generators\model\ModelCode.php(60): CModule->__get('db')
#5 E:\wamp\www\yii\framework\web\CFormModel.php(39): ModelCode->init()
#6 E:\wamp\www\yii\framework\gii\CCodeGenerator.php(153): CFormModel->__construct()
#7 E:\wamp\www\yii\framework\gii\CCodeGenerator.php(63): CCodeGenerator->prepare()
#8 E:\wamp\www\yii\framework\web\actions\CInlineAction.php(49): CCodeGenerator->actionIndex()
#9 E:\wamp\www\yii\framework\web\CController.php(308): CInlineAction->runWithParams(Array)
#10 E:\wamp\www\yii\framework\web\CController.php(286): CController->runAction(Object(CInlineAction))
#11 E:\wamp\www\yii\framework\web\CController.php(265): CController->runActionWithFilters(Object(CInlineAction), Array)
#12 E:\wamp\www\yii\framework\web\CWebApplication.php(282): CController->run('index')
#13 E:\wamp\www\yii\framework\web\CWebApplication.php(141): CWebApplication->runController('gii/model/index')
#14 E:\wamp\www\yii\framework\base\CApplication.php(184): CWebApplication->processRequest()
#15 E:\wamp\www\yii\newyii\index.php(13): CApplication->run()
#16 {main}
REQUEST_URI=/gii/model/index
HTTP_REFERER=http://www.twadmin3.com/gii
---
2015/01/07 17:42:00 [error] [php] Object of class CMenu could not be converted to string (E:\wamp\www\yii\newyii\protected\views\locations\admin.php:50)
Stack trace:
#0 E:\wamp\www\yii\framework\web\CController.php(869): LocationsController->renderFile()
#1 E:\wamp\www\yii\framework\web\CController.php(782): LocationsController->renderPartial()
#2 E:\wamp\www\yii\newyii\protected\controllers\LocationsController.php(143): LocationsController->render()
#3 E:\wamp\www\yii\framework\web\actions\CInlineAction.php(49): LocationsController->actionAdmin()
#4 E:\wamp\www\yii\framework\web\CController.php(308): CInlineAction->runWithParams()
#5 E:\wamp\www\yii\framework\web\filters\CFilterChain.php(133): LocationsController->runAction()
#6 E:\wamp\www\yii\framework\web\filters\CFilter.php(40): CFilterChain->run()
#7 E:\wamp\www\yii\framework\web\CController.php(1145): CAccessControlFilter->filter()
#8 E:\wamp\www\yii\framework\web\filters\CInlineFilter.php(58): LocationsController->filterAccessControl()
#9 E:\wamp\www\yii\framework\web\filters\CFilterChain.php(130): CInlineFilter->filter()
#10 E:\wamp\www\yii\framework\web\CController.php(291): CFilterChain->run()
#11 E:\wamp\www\yii\framework\web\CController.php(265): LocationsController->runActionWithFilters()
#12 E:\wamp\www\yii\framework\web\CWebApplication.php(282): LocationsController->run()
#13 E:\wamp\www\yii\framework\web\CWebApplication.php(141): CWebApplication->runController()
#14 E:\wamp\www\yii\framework\base\CApplication.php(184): CWebApplication->processRequest()
#15 E:\wamp\www\yii\newyii\index.php(13): CWebApplication->run()
REQUEST_URI=/locations/admin
in E:\wamp\www\yii\newyii\protected\views\locations\admin.php (50)
in E:\wamp\www\yii\newyii\protected\controllers\LocationsController.php (143)
in E:\wamp\www\yii\newyii\index.php (13)
2015/01/07 17:42:11 [error] [php] Object of class CMenu could not be converted to string (E:\wamp\www\yii\newyii\protected\views\locations\admin.php:50)
Stack trace:
#0 E:\wamp\www\yii\framework\web\CController.php(869): LocationsController->renderFile()
#1 E:\wamp\www\yii\framework\web\CController.php(782): LocationsController->renderPartial()
#2 E:\wamp\www\yii\newyii\protected\controllers\LocationsController.php(143): LocationsController->render()
#3 E:\wamp\www\yii\framework\web\actions\CInlineAction.php(49): LocationsController->actionAdmin()
#4 E:\wamp\www\yii\framework\web\CController.php(308): CInlineAction->runWithParams()
#5 E:\wamp\www\yii\framework\web\filters\CFilterChain.php(133): LocationsController->runAction()
#6 E:\wamp\www\yii\framework\web\filters\CFilter.php(40): CFilterChain->run()
#7 E:\wamp\www\yii\framework\web\CController.php(1145): CAccessControlFilter->filter()
#8 E:\wamp\www\yii\framework\web\filters\CInlineFilter.php(58): LocationsController->filterAccessControl()
#9 E:\wamp\www\yii\framework\web\filters\CFilterChain.php(130): CInlineFilter->filter()
#10 E:\wamp\www\yii\framework\web\CController.php(291): CFilterChain->run()
#11 E:\wamp\www\yii\framework\web\CController.php(265): LocationsController->runActionWithFilters()
#12 E:\wamp\www\yii\framework\web\CWebApplication.php(282): LocationsController->run()
#13 E:\wamp\www\yii\framework\web\CWebApplication.php(141): CWebApplication->runController()
#14 E:\wamp\www\yii\framework\base\CApplication.php(184): CWebApplication->processRequest()
#15 E:\wamp\www\yii\newyii\index.php(13): CWebApplication->run()
REQUEST_URI=/locations/admin
in E:\wamp\www\yii\newyii\protected\views\locations\admin.php (50)
in E:\wamp\www\yii\newyii\protected\controllers\LocationsController.php (143)
in E:\wamp\www\yii\newyii\index.php (13)
2015/01/07 18:04:54 [error] [exception.CHttpException.404] exception 'CHttpException' with message 'The system is unable to find the requested action "bower_components".' in E:\wamp\www\yii\framework\web\CController.php:483
Stack trace:
#0 E:\wamp\www\yii\framework\web\CController.php(270): CController->missingAction('bower_component...')
#1 E:\wamp\www\yii\framework\web\CWebApplication.php(282): CController->run('bower_component...')
#2 E:\wamp\www\yii\framework\web\CWebApplication.php(141): CWebApplication->runController('locations/bower...')
#3 E:\wamp\www\yii\framework\base\CApplication.php(184): CWebApplication->processRequest()
#4 E:\wamp\www\yii\newyii\index.php(13): CApplication->run()
#5 {main}
REQUEST_URI=/locations/bower_components/bootstrap/dist/css/bootstrap.min.css
HTTP_REFERER=http://www.twadmin3.com/locations/admin
---
2015/01/07 18:06:02 [error] [exception.CHttpException.404] exception 'CHttpException' with message 'The system is unable to find the requested action "bower_components".' in E:\wamp\www\yii\framework\web\CController.php:483
Stack trace:
#0 E:\wamp\www\yii\framework\web\CController.php(270): CController->missingAction('bower_component...')
#1 E:\wamp\www\yii\framework\web\CWebApplication.php(282): CController->run('bower_component...')
#2 E:\wamp\www\yii\framework\web\CWebApplication.php(141): CWebApplication->runController('locations/bower...')
#3 E:\wamp\www\yii\framework\base\CApplication.php(184): CWebApplication->processRequest()
#4 E:\wamp\www\yii\newyii\index.php(13): CApplication->run()
#5 {main}
REQUEST_URI=/locations/bower_components/bootstrap/dist/css/bootstrap.min.css
HTTP_REFERER=http://www.twadmin3.com/locations/admin
---
2015/01/07 18:24:28 [warning] [application] Failed to set unsafe attribute "description" of "Locations".
in E:\wamp\www\yii\newyii\protected\controllers\LocationsController.php (96)
in E:\wamp\www\yii\newyii\index.php (13)
2015/01/07 18:24:28 [warning] [application] Failed to set unsafe attribute "params" of "Locations".
in E:\wamp\www\yii\newyii\protected\controllers\LocationsController.php (96)
in E:\wamp\www\yii\newyii\index.php (13)
2015/01/07 18:24:45 [warning] [application] Failed to set unsafe attribute "description" of "Locations".
in E:\wamp\www\yii\newyii\protected\controllers\LocationsController.php (96)
in E:\wamp\www\yii\newyii\index.php (13)
2015/01/07 18:24:45 [warning] [application] Failed to set unsafe attribute "params" of "Locations".
in E:\wamp\www\yii\newyii\protected\controllers\LocationsController.php (96)
in E:\wamp\www\yii\newyii\index.php (13)
2015/01/07 18:33:22 [error] [exception.CHttpException.404] exception 'CHttpException' with message 'The system is unable to find the requested action "delete".' in E:\wamp\www\yii\framework\web\CController.php:483
Stack trace:
#0 E:\wamp\www\yii\framework\web\CController.php(270): CController->missingAction('delete')
#1 E:\wamp\www\yii\framework\web\CWebApplication.php(282): CController->run('delete')
#2 E:\wamp\www\yii\framework\web\CWebApplication.php(141): CWebApplication->runController('locations/delet...')
#3 E:\wamp\www\yii\framework\base\CApplication.php(184): CWebApplication->processRequest()
#4 E:\wamp\www\yii\newyii\index.php(13): CApplication->run()
#5 {main}
REQUEST_URI=/locations/delete/533?ajax=locations-grid
HTTP_REFERER=http://www.twadmin3.com/locations/admin
---
2015/01/07 18:36:32 [error] [php] Undefined variable: model (E:\wamp\www\yii\newyii\protected\controllers\LocationsController.php:116)
Stack trace:
#0 E:\wamp\www\yii\framework\web\actions\CInlineAction.php(47): CInlineAction->runWithParamsInternal()
#1 E:\wamp\www\yii\framework\web\CController.php(308): CInlineAction->runWithParams()
#2 E:\wamp\www\yii\framework\web\filters\CFilterChain.php(133): LocationsController->runAction()
#3 E:\wamp\www\yii\framework\web\CController.php(1116): CFilterChain->run()
#4 E:\wamp\www\yii\framework\web\filters\CInlineFilter.php(58): LocationsController->filterPostOnly()
#5 E:\wamp\www\yii\framework\web\filters\CFilterChain.php(130): CInlineFilter->filter()
#6 E:\wamp\www\yii\framework\web\filters\CFilter.php(40): CFilterChain->run()
#7 E:\wamp\www\yii\framework\web\CController.php(1145): CAccessControlFilter->filter()
#8 E:\wamp\www\yii\framework\web\filters\CInlineFilter.php(58): LocationsController->filterAccessControl()
#9 E:\wamp\www\yii\framework\web\filters\CFilterChain.php(130): CInlineFilter->filter()
#10 E:\wamp\www\yii\framework\web\CController.php(291): CFilterChain->run()
#11 E:\wamp\www\yii\framework\web\CController.php(265): LocationsController->runActionWithFilters()
#12 E:\wamp\www\yii\framework\web\CWebApplication.php(282): LocationsController->run()
#13 E:\wamp\www\yii\framework\web\CWebApplication.php(141): CWebApplication->runController()
#14 E:\wamp\www\yii\framework\base\CApplication.php(184): CWebApplication->processRequest()
#15 E:\wamp\www\yii\newyii\index.php(13): CWebApplication->run()
REQUEST_URI=/locations/delete/551?ajax=locations-grid
in E:\wamp\www\yii\newyii\protected\controllers\LocationsController.php (116)
in E:\wamp\www\yii\newyii\index.php (13)
2015/01/07 18:43:14 [error] [exception.CHttpException.400] exception 'CHttpException' with message 'Your request is invalid.' in E:\wamp\www\yii\framework\web\CController.php:1118
Stack trace:
#0 E:\wamp\www\yii\framework\web\filters\CInlineFilter.php(58): CController->filterPostOnly(Object(CFilterChain))
#1 E:\wamp\www\yii\framework\web\filters\CFilterChain.php(130): CInlineFilter->filter(Object(CFilterChain))
#2 E:\wamp\www\yii\framework\web\filters\CFilter.php(40): CFilterChain->run()
#3 E:\wamp\www\yii\framework\web\CController.php(1145): CFilter->filter(Object(CFilterChain))
#4 E:\wamp\www\yii\framework\web\filters\CInlineFilter.php(58): CController->filterAccessControl(Object(CFilterChain))
#5 E:\wamp\www\yii\framework\web\filters\CFilterChain.php(130): CInlineFilter->filter(Object(CFilterChain))
#6 E:\wamp\www\yii\framework\web\CController.php(291): CFilterChain->run()
#7 E:\wamp\www\yii\framework\web\CController.php(265): CController->runActionWithFilters(Object(CInlineAction), Array)
#8 E:\wamp\www\yii\framework\web\CWebApplication.php(282): CController->run('delete')
#9 E:\wamp\www\yii\framework\web\CWebApplication.php(141): CWebApplication->runController('locations/delet...')
#10 E:\wamp\www\yii\framework\base\CApplication.php(184): CWebApplication->processRequest()
#11 E:\wamp\www\yii\newyii\index.php(13): CApplication->run()
#12 {main}
REQUEST_URI=/locations/delete/533?ajax=locations-grid
HTTP_REFERER=http://www.twadmin3.com/locations/admin
---
2015/01/07 18:43:56 [error] [exception.CHttpException.400] exception 'CHttpException' with message 'Your request is invalid.' in E:\wamp\www\yii\framework\web\CController.php:1118
Stack trace:
#0 E:\wamp\www\yii\framework\web\filters\CInlineFilter.php(58): CController->filterPostOnly(Object(CFilterChain))
#1 E:\wamp\www\yii\framework\web\filters\CFilterChain.php(130): CInlineFilter->filter(Object(CFilterChain))
#2 E:\wamp\www\yii\framework\web\filters\CFilter.php(40): CFilterChain->run()
#3 E:\wamp\www\yii\framework\web\CController.php(1145): CFilter->filter(Object(CFilterChain))
#4 E:\wamp\www\yii\framework\web\filters\CInlineFilter.php(58): CController->filterAccessControl(Object(CFilterChain))
#5 E:\wamp\www\yii\framework\web\filters\CFilterChain.php(130): CInlineFilter->filter(Object(CFilterChain))
#6 E:\wamp\www\yii\framework\web\CController.php(291): CFilterChain->run()
#7 E:\wamp\www\yii\framework\web\CController.php(265): CController->runActionWithFilters(Object(CInlineAction), Array)
#8 E:\wamp\www\yii\framework\web\CWebApplication.php(282): CController->run('delete')
#9 E:\wamp\www\yii\framework\web\CWebApplication.php(141): CWebApplication->runController('locations/delet...')
#10 E:\wamp\www\yii\framework\base\CApplication.php(184): CWebApplication->processRequest()
#11 E:\wamp\www\yii\newyii\index.php(13): CApplication->run()
#12 {main}
REQUEST_URI=/locations/delete/276?ajax=locations-grid
HTTP_REFERER=http://www.twadmin3.com/locations/admin
---
2015/01/07 18:57:24 [error] [exception.CHttpException.400] exception 'CHttpException' with message 'Your request is invalid.' in E:\wamp\www\yii\framework\web\CController.php:1118
Stack trace:
#0 E:\wamp\www\yii\framework\web\filters\CInlineFilter.php(58): CController->filterPostOnly(Object(CFilterChain))
#1 E:\wamp\www\yii\framework\web\filters\CFilterChain.php(130): CInlineFilter->filter(Object(CFilterChain))
#2 E:\wamp\www\yii\framework\web\filters\CFilter.php(40): CFilterChain->run()
#3 E:\wamp\www\yii\framework\web\CController.php(1145): CFilter->filter(Object(CFilterChain))
#4 E:\wamp\www\yii\framework\web\filters\CInlineFilter.php(58): CController->filterAccessControl(Object(CFilterChain))
#5 E:\wamp\www\yii\framework\web\filters\CFilterChain.php(130): CInlineFilter->filter(Object(CFilterChain))
#6 E:\wamp\www\yii\framework\web\CController.php(291): CFilterChain->run()
#7 E:\wamp\www\yii\framework\web\CController.php(265): CController->runActionWithFilters(Object(CInlineAction), Array)
#8 E:\wamp\www\yii\framework\web\CWebApplication.php(282): CController->run('delete')
#9 E:\wamp\www\yii\framework\web\CWebApplication.php(141): CWebApplication->runController('locations/delet...')
#10 E:\wamp\www\yii\framework\base\CApplication.php(184): CWebApplication->processRequest()
#11 E:\wamp\www\yii\newyii\index.php(13): CApplication->run()
#12 {main}
REQUEST_URI=/locations/delete/532?ajax=locations-grid
HTTP_REFERER=http://www.twadmin3.com/locations/admin
---
2015/01/07 19:14:10 [warning] [application] Failed to set unsafe attribute "description" of "Locations".
in E:\wamp\www\yii\newyii\protected\controllers\LocationsController.php (72)
in E:\wamp\www\yii\newyii\index.php (13)
2015/01/07 19:14:10 [warning] [application] Failed to set unsafe attribute "params" of "Locations".
in E:\wamp\www\yii\newyii\protected\controllers\LocationsController.php (72)
in E:\wamp\www\yii\newyii\index.php (13)
2015/01/07 19:18:42 [error] [php] include(pagination.php) [<a href='function.include'>function.include</a>]: failed to open stream: No such file or directory (E:\wamp\www\yii\framework\YiiBase.php:432)
Stack trace:
#0 unknown(0): spl_autoload_call()
#1 E:\wamp\www\yii\framework\YiiBase.php(303): class_exists()
#2 E:\wamp\www\yii\framework\web\CWidgetFactory.php(146): import()
#3 E:\wamp\www\yii\framework\web\CBaseController.php(146): CWidgetFactory->createWidget()
#4 E:\wamp\www\yii\framework\web\CBaseController.php(180): CGridView->createWidget()
#5 E:\wamp\www\yii\framework\zii\widgets\CBaseListView.php(285): CGridView->widget()
#6 E:\wamp\www\yii\framework\zii\widgets\CBaseListView.php(181): CGridView->renderPager()
#7 unknown(0): CGridView->renderSection()
#8 E:\wamp\www\yii\framework\zii\widgets\CBaseListView.php(164): preg_replace_callback()
#9 E:\wamp\www\yii\framework\zii\widgets\CBaseListView.php(149): CGridView->renderContent()
#10 E:\wamp\www\yii\framework\web\CBaseController.php(181): CGridView->run()
#11 E:\wamp\www\yii\newyii\protected\views\locations\admin.php(127): LocationsController->widget()
#12 E:\wamp\www\yii\framework\web\CBaseController.php(126): require()
#13 E:\wamp\www\yii\framework\web\CBaseController.php(95): LocationsController->renderInternal()
#14 E:\wamp\www\yii\framework\web\CController.php(869): LocationsController->renderFile()
#15 E:\wamp\www\yii\framework\web\CController.php(782): LocationsController->renderPartial()
#16 E:\wamp\www\yii\newyii\protected\controllers\LocationsController.php(145): LocationsController->render()
#17 E:\wamp\www\yii\framework\web\actions\CInlineAction.php(49): LocationsController->actionAdmin()
#18 E:\wamp\www\yii\framework\web\CController.php(308): CInlineAction->runWithParams()
#19 E:\wamp\www\yii\framework\web\filters\CFilterChain.php(133): LocationsController->runAction()
#20 E:\wamp\www\yii\framework\web\filters\CFilter.php(40): CFilterChain->run()
#21 E:\wamp\www\yii\framework\web\CController.php(1145): CAccessControlFilter->filter()
#22 E:\wamp\www\yii\framework\web\filters\CInlineFilter.php(58): LocationsController->filterAccessControl()
#23 E:\wamp\www\yii\framework\web\filters\CFilterChain.php(130): CInlineFilter->filter()
#24 E:\wamp\www\yii\framework\web\CController.php(291): CFilterChain->run()
#25 E:\wamp\www\yii\framework\web\CController.php(265): LocationsController->runActionWithFilters()
#26 E:\wamp\www\yii\framework\web\CWebApplication.php(282): LocationsController->run()
#27 E:\wamp\www\yii\framework\web\CWebApplication.php(141): CWebApplication->runController()
#28 E:\wamp\www\yii\framework\base\CApplication.php(184): CWebApplication->processRequest()
#29 E:\wamp\www\yii\newyii\index.php(13): CWebApplication->run()
REQUEST_URI=/locations/admin
in E:\wamp\www\yii\newyii\protected\views\locations\admin.php (127)
in E:\wamp\www\yii\newyii\protected\controllers\LocationsController.php (145)
in E:\wamp\www\yii\newyii\index.php (13)
2015/01/07 19:23:24 [error] [php] include(CLinkPager pagination.php) [<a href='function.include'>function.include</a>]: failed to open stream: No such file or directory (E:\wamp\www\yii\framework\YiiBase.php:432)
Stack trace:
#0 unknown(0): spl_autoload_call()
#1 E:\wamp\www\yii\framework\YiiBase.php(303): class_exists()
#2 E:\wamp\www\yii\framework\web\CWidgetFactory.php(146): import()
#3 E:\wamp\www\yii\framework\web\CBaseController.php(146): CWidgetFactory->createWidget()
#4 E:\wamp\www\yii\framework\web\CBaseController.php(180): CGridView->createWidget()
#5 E:\wamp\www\yii\framework\zii\widgets\CBaseListView.php(285): CGridView->widget()
#6 E:\wamp\www\yii\framework\zii\widgets\CBaseListView.php(181): CGridView->renderPager()
#7 unknown(0): CGridView->renderSection()
#8 E:\wamp\www\yii\framework\zii\widgets\CBaseListView.php(164): preg_replace_callback()
#9 E:\wamp\www\yii\framework\zii\widgets\CBaseListView.php(149): CGridView->renderContent()
#10 E:\wamp\www\yii\framework\web\CBaseController.php(181): CGridView->run()
#11 E:\wamp\www\yii\newyii\protected\views\locations\admin.php(127): LocationsController->widget()
#12 E:\wamp\www\yii\framework\web\CBaseController.php(126): require()
#13 E:\wamp\www\yii\framework\web\CBaseController.php(95): LocationsController->renderInternal()
#14 E:\wamp\www\yii\framework\web\CController.php(869): LocationsController->renderFile()
#15 E:\wamp\www\yii\framework\web\CController.php(782): LocationsController->renderPartial()
#16 E:\wamp\www\yii\newyii\protected\controllers\LocationsController.php(145): LocationsController->render()
#17 E:\wamp\www\yii\framework\web\actions\CInlineAction.php(49): LocationsController->actionAdmin()
#18 E:\wamp\www\yii\framework\web\CController.php(308): CInlineAction->runWithParams()
#19 E:\wamp\www\yii\framework\web\filters\CFilterChain.php(133): LocationsController->runAction()
#20 E:\wamp\www\yii\framework\web\filters\CFilter.php(40): CFilterChain->run()
#21 E:\wamp\www\yii\framework\web\CController.php(1145): CAccessControlFilter->filter()
#22 E:\wamp\www\yii\framework\web\filters\CInlineFilter.php(58): LocationsController->filterAccessControl()
#23 E:\wamp\www\yii\framework\web\filters\CFilterChain.php(130): CInlineFilter->filter()
#24 E:\wamp\www\yii\framework\web\CController.php(291): CFilterChain->run()
#25 E:\wamp\www\yii\framework\web\CController.php(265): LocationsController->runActionWithFilters()
#26 E:\wamp\www\yii\framework\web\CWebApplication.php(282): LocationsController->run()
#27 E:\wamp\www\yii\framework\web\CWebApplication.php(141): CWebApplication->runController()
#28 E:\wamp\www\yii\framework\base\CApplication.php(184): CWebApplication->processRequest()
#29 E:\wamp\www\yii\newyii\index.php(13): CWebApplication->run()
REQUEST_URI=/locations/admin
in E:\wamp\www\yii\newyii\protected\views\locations\admin.php (127)
in E:\wamp\www\yii\newyii\protected\controllers\LocationsController.php (145)
in E:\wamp\www\yii\newyii\index.php (13)
2015/01/07 19:24:17 [error] [php] include(CLinkPager pagination.php) [<a href='function.include'>function.include</a>]: failed to open stream: No such file or directory (E:\wamp\www\yii\framework\YiiBase.php:432)
Stack trace:
#0 unknown(0): spl_autoload_call()
#1 E:\wamp\www\yii\framework\YiiBase.php(303): class_exists()
#2 E:\wamp\www\yii\framework\web\CWidgetFactory.php(146): import()
#3 E:\wamp\www\yii\framework\web\CBaseController.php(146): CWidgetFactory->createWidget()
#4 E:\wamp\www\yii\framework\web\CBaseController.php(180): CGridView->createWidget()
#5 E:\wamp\www\yii\framework\zii\widgets\CBaseListView.php(285): CGridView->widget()
#6 E:\wamp\www\yii\framework\zii\widgets\CBaseListView.php(181): CGridView->renderPager()
#7 unknown(0): CGridView->renderSection()
#8 E:\wamp\www\yii\framework\zii\widgets\CBaseListView.php(164): preg_replace_callback()
#9 E:\wamp\www\yii\framework\zii\widgets\CBaseListView.php(149): CGridView->renderContent()
#10 E:\wamp\www\yii\framework\web\CBaseController.php(181): CGridView->run()
#11 E:\wamp\www\yii\newyii\protected\views\locations\admin.php(127): LocationsController->widget()
#12 E:\wamp\www\yii\framework\web\CBaseController.php(126): require()
#13 E:\wamp\www\yii\framework\web\CBaseController.php(95): LocationsController->renderInternal()
#14 E:\wamp\www\yii\framework\web\CController.php(869): LocationsController->renderFile()
#15 E:\wamp\www\yii\framework\web\CController.php(782): LocationsController->renderPartial()
#16 E:\wamp\www\yii\newyii\protected\controllers\LocationsController.php(145): LocationsController->render()
#17 E:\wamp\www\yii\framework\web\actions\CInlineAction.php(49): LocationsController->actionAdmin()
#18 E:\wamp\www\yii\framework\web\CController.php(308): CInlineAction->runWithParams()
#19 E:\wamp\www\yii\framework\web\filters\CFilterChain.php(133): LocationsController->runAction()
#20 E:\wamp\www\yii\framework\web\filters\CFilter.php(40): CFilterChain->run()
#21 E:\wamp\www\yii\framework\web\CController.php(1145): CAccessControlFilter->filter()
#22 E:\wamp\www\yii\framework\web\filters\CInlineFilter.php(58): LocationsController->filterAccessControl()
#23 E:\wamp\www\yii\framework\web\filters\CFilterChain.php(130): CInlineFilter->filter()
#24 E:\wamp\www\yii\framework\web\CController.php(291): CFilterChain->run()
#25 E:\wamp\www\yii\framework\web\CController.php(265): LocationsController->runActionWithFilters()
#26 E:\wamp\www\yii\framework\web\CWebApplication.php(282): LocationsController->run()
#27 E:\wamp\www\yii\framework\web\CWebApplication.php(141): CWebApplication->runController()
#28 E:\wamp\www\yii\framework\base\CApplication.php(184): CWebApplication->processRequest()
#29 E:\wamp\www\yii\newyii\index.php(13): CWebApplication->run()
REQUEST_URI=/locations/admin
in E:\wamp\www\yii\newyii\protected\views\locations\admin.php (127)
in E:\wamp\www\yii\newyii\protected\controllers\LocationsController.php (145)
in E:\wamp\www\yii\newyii\index.php (13)
2015/01/07 19:24:28 [error] [exception.CException] exception 'CException' with message 'Property "CLinkPager.0" is not defined.' in E:\wamp\www\yii\framework\base\CComponent.php:173
Stack trace:
#0 E:\wamp\www\yii\framework\web\CWidgetFactory.php(161): CComponent->__set('0', '')
#1 E:\wamp\www\yii\framework\web\CBaseController.php(146): CWidgetFactory->createWidget(Object(CGridView), 'CLinkPager', Array)
#2 E:\wamp\www\yii\framework\web\CBaseController.php(180): CBaseController->createWidget('CLinkPager', Array)
#3 E:\wamp\www\yii\framework\zii\widgets\CBaseListView.php(285): CBaseController->widget('CLinkPager', Array)
#4 E:\wamp\www\yii\framework\zii\widgets\CBaseListView.php(181): CBaseListView->renderPager()
#5 [internal function]: CBaseListView->renderSection(Array)
#6 E:\wamp\www\yii\framework\zii\widgets\CBaseListView.php(164): preg_replace_callback('/{(\w+)}/', Array, '{summary}?{item...')
#7 E:\wamp\www\yii\framework\zii\widgets\CBaseListView.php(149): CBaseListView->renderContent()
#8 E:\wamp\www\yii\framework\web\CBaseController.php(181): CBaseListView->run()
#9 E:\wamp\www\yii\newyii\protected\views\locations\admin.php(127): CBaseController->widget('zii.widgets.gri...', Array)
#10 E:\wamp\www\yii\framework\web\CBaseController.php(126): require('E:\wamp\www\yii...')
#11 E:\wamp\www\yii\framework\web\CBaseController.php(95): CBaseController->renderInternal('E:\wamp\www\yii...', Array, true)
#12 E:\wamp\www\yii\framework\web\CController.php(869): CBaseController->renderFile('E:\wamp\www\yii...', Array, true)
#13 E:\wamp\www\yii\framework\web\CController.php(782): CController->renderPartial('admin', Array, true)
#14 E:\wamp\www\yii\newyii\protected\controllers\LocationsController.php(145): CController->render('admin', Array)
#15 E:\wamp\www\yii\framework\web\actions\CInlineAction.php(49): LocationsController->actionAdmin()
#16 E:\wamp\www\yii\framework\web\CController.php(308): CInlineAction->runWithParams(Array)
#17 E:\wamp\www\yii\framework\web\filters\CFilterChain.php(133): CController->runAction(Object(CInlineAction))
#18 E:\wamp\www\yii\framework\web\filters\CFilter.php(40): CFilterChain->run()
#19 E:\wamp\www\yii\framework\web\CController.php(1145): CFilter->filter(Object(CFilterChain))
#20 E:\wamp\www\yii\framework\web\filters\CInlineFilter.php(58): CController->filterAccessControl(Object(CFilterChain))
#21 E:\wamp\www\yii\framework\web\filters\CFilterChain.php(130): CInlineFilter->filter(Object(CFilterChain))
#22 E:\wamp\www\yii\framework\web\CController.php(291): CFilterChain->run()
#23 E:\wamp\www\yii\framework\web\CController.php(265): CController->runActionWithFilters(Object(CInlineAction), Array)
#24 E:\wamp\www\yii\framework\web\CWebApplication.php(282): CController->run('admin')
#25 E:\wamp\www\yii\framework\web\CWebApplication.php(141): CWebApplication->runController('locations/admin')
#26 E:\wamp\www\yii\framework\base\CApplication.php(184): CWebApplication->processRequest()
#27 E:\wamp\www\yii\newyii\index.php(13): CApplication->run()
#28 {main}
REQUEST_URI=/locations/admin
HTTP_REFERER=http://www.twadmin3.com/locations/admin/555
---
2015/01/07 19:26:23 [error] [php] Undefined variable: pages (E:\wamp\www\yii\newyii\protected\views\locations\admin.php:63)
Stack trace:
#0 E:\wamp\www\yii\framework\web\CController.php(869): LocationsController->renderFile()
#1 E:\wamp\www\yii\framework\web\CController.php(782): LocationsController->renderPartial()
#2 E:\wamp\www\yii\newyii\protected\controllers\LocationsController.php(145): LocationsController->render()
#3 E:\wamp\www\yii\framework\web\actions\CInlineAction.php(49): LocationsController->actionAdmin()
#4 E:\wamp\www\yii\framework\web\CController.php(308): CInlineAction->runWithParams()
#5 E:\wamp\www\yii\framework\web\filters\CFilterChain.php(133): LocationsController->runAction()
#6 E:\wamp\www\yii\framework\web\filters\CFilter.php(40): CFilterChain->run()
#7 E:\wamp\www\yii\framework\web\CController.php(1145): CAccessControlFilter->filter()
#8 E:\wamp\www\yii\framework\web\filters\CInlineFilter.php(58): LocationsController->filterAccessControl()
#9 E:\wamp\www\yii\framework\web\filters\CFilterChain.php(130): CInlineFilter->filter()
#10 E:\wamp\www\yii\framework\web\CController.php(291): CFilterChain->run()
#11 E:\wamp\www\yii\framework\web\CController.php(265): LocationsController->runActionWithFilters()
#12 E:\wamp\www\yii\framework\web\CWebApplication.php(282): LocationsController->run()
#13 E:\wamp\www\yii\framework\web\CWebApplication.php(141): CWebApplication->runController()
#14 E:\wamp\www\yii\framework\base\CApplication.php(184): CWebApplication->processRequest()
#15 E:\wamp\www\yii\newyii\index.php(13): CWebApplication->run()
REQUEST_URI=/locations/admin
in E:\wamp\www\yii\newyii\protected\views\locations\admin.php (63)
in E:\wamp\www\yii\newyii\protected\controllers\LocationsController.php (145)
in E:\wamp\www\yii\newyii\index.php (13)
2015/01/07 19:26:34 [error] [php] Undefined variable: pages (E:\wamp\www\yii\newyii\protected\views\locations\admin.php:63)
Stack trace:
#0 E:\wamp\www\yii\framework\web\CController.php(869): LocationsController->renderFile()
#1 E:\wamp\www\yii\framework\web\CController.php(782): LocationsController->renderPartial()
#2 E:\wamp\www\yii\newyii\protected\controllers\LocationsController.php(145): LocationsController->render()
#3 E:\wamp\www\yii\framework\web\actions\CInlineAction.php(49): LocationsController->actionAdmin()
#4 E:\wamp\www\yii\framework\web\CController.php(308): CInlineAction->runWithParams()
#5 E:\wamp\www\yii\framework\web\filters\CFilterChain.php(133): LocationsController->runAction()
#6 E:\wamp\www\yii\framework\web\filters\CFilter.php(40): CFilterChain->run()
#7 E:\wamp\www\yii\framework\web\CController.php(1145): CAccessControlFilter->filter()
#8 E:\wamp\www\yii\framework\web\filters\CInlineFilter.php(58): LocationsController->filterAccessControl()
#9 E:\wamp\www\yii\framework\web\filters\CFilterChain.php(130): CInlineFilter->filter()
#10 E:\wamp\www\yii\framework\web\CController.php(291): CFilterChain->run()
#11 E:\wamp\www\yii\framework\web\CController.php(265): LocationsController->runActionWithFilters()
#12 E:\wamp\www\yii\framework\web\CWebApplication.php(282): LocationsController->run()
#13 E:\wamp\www\yii\framework\web\CWebApplication.php(141): CWebApplication->runController()
#14 E:\wamp\www\yii\framework\base\CApplication.php(184): CWebApplication->processRequest()
#15 E:\wamp\www\yii\newyii\index.php(13): CWebApplication->run()
REQUEST_URI=/locations/admin
in E:\wamp\www\yii\newyii\protected\views\locations\admin.php (63)
in E:\wamp\www\yii\newyii\protected\controllers\LocationsController.php (145)
in E:\wamp\www\yii\newyii\index.php (13)
2015/01/07 20:00:27 [error] [php] htmlspecialchars() expects parameter 1 to be string, array given (E:\wamp\www\yii\framework\web\helpers\CHtml.php:108)
Stack trace:
#0 E:\wamp\www\yii\framework\web\helpers\CHtml.php(163): renderAttributes()
#1 E:\wamp\www\yii\framework\web\widgets\pagers\CLinkPager.php(140): tag()
#2 E:\wamp\www\yii\framework\web\CBaseController.php(181): CLinkPager->run()
#3 E:\wamp\www\yii\framework\zii\widgets\CBaseListView.php(285): CGridView->widget()
#4 E:\wamp\www\yii\framework\zii\widgets\CBaseListView.php(181): CGridView->renderPager()
#5 unknown(0): CGridView->renderSection()
#6 E:\wamp\www\yii\framework\zii\widgets\CBaseListView.php(164): preg_replace_callback()
#7 E:\wamp\www\yii\framework\zii\widgets\CBaseListView.php(149): CGridView->renderContent()
#8 E:\wamp\www\yii\framework\web\CBaseController.php(181): CGridView->run()
#9 E:\wamp\www\yii\newyii\protected\views\locations\admin.php(147): LocationsController->widget()
#10 E:\wamp\www\yii\framework\web\CBaseController.php(126): require()
#11 E:\wamp\www\yii\framework\web\CBaseController.php(95): LocationsController->renderInternal()
#12 E:\wamp\www\yii\framework\web\CController.php(869): LocationsController->renderFile()
#13 E:\wamp\www\yii\framework\web\CController.php(782): LocationsController->renderPartial()
#14 E:\wamp\www\yii\newyii\protected\controllers\LocationsController.php(145): LocationsController->render()
#15 E:\wamp\www\yii\framework\web\actions\CInlineAction.php(49): LocationsController->actionAdmin()
#16 E:\wamp\www\yii\framework\web\CController.php(308): CInlineAction->runWithParams()
#17 E:\wamp\www\yii\framework\web\filters\CFilterChain.php(133): LocationsController->runAction()
#18 E:\wamp\www\yii\framework\web\filters\CFilter.php(40): CFilterChain->run()
#19 E:\wamp\www\yii\framework\web\CController.php(1145): CAccessControlFilter->filter()
#20 E:\wamp\www\yii\framework\web\filters\CInlineFilter.php(58): LocationsController->filterAccessControl()
#21 E:\wamp\www\yii\framework\web\filters\CFilterChain.php(130): CInlineFilter->filter()
#22 E:\wamp\www\yii\framework\web\CController.php(291): CFilterChain->run()
#23 E:\wamp\www\yii\framework\web\CController.php(265): LocationsController->runActionWithFilters()
#24 E:\wamp\www\yii\framework\web\CWebApplication.php(282): LocationsController->run()
#25 E:\wamp\www\yii\framework\web\CWebApplication.php(141): CWebApplication->runController()
#26 E:\wamp\www\yii\framework\base\CApplication.php(184): CWebApplication->processRequest()
#27 E:\wamp\www\yii\newyii\index.php(13): CWebApplication->run()
REQUEST_URI=/locations/admin?Locations_page=2
in E:\wamp\www\yii\newyii\protected\views\locations\admin.php (147)
in E:\wamp\www\yii\newyii\protected\controllers\LocationsController.php (145)
in E:\wamp\www\yii\newyii\index.php (13)
2015/01/07 20:01:18 [error] [php] htmlspecialchars() expects parameter 1 to be string, array given (E:\wamp\www\yii\framework\web\helpers\CHtml.php:108)
Stack trace:
#0 E:\wamp\www\yii\framework\web\helpers\CHtml.php(163): renderAttributes()
#1 E:\wamp\www\yii\framework\web\widgets\pagers\CLinkPager.php(140): tag()
#2 E:\wamp\www\yii\framework\web\CBaseController.php(181): CLinkPager->run()
#3 E:\wamp\www\yii\framework\zii\widgets\CBaseListView.php(285): CGridView->widget()
#4 E:\wamp\www\yii\framework\zii\widgets\CBaseListView.php(181): CGridView->renderPager()
#5 unknown(0): CGridView->renderSection()
#6 E:\wamp\www\yii\framework\zii\widgets\CBaseListView.php(164): preg_replace_callback()
#7 E:\wamp\www\yii\framework\zii\widgets\CBaseListView.php(149): CGridView->renderContent()
#8 E:\wamp\www\yii\framework\web\CBaseController.php(181): CGridView->run()
#9 E:\wamp\www\yii\newyii\protected\views\locations\admin.php(147): LocationsController->widget()
#10 E:\wamp\www\yii\framework\web\CBaseController.php(126): require()
#11 E:\wamp\www\yii\framework\web\CBaseController.php(95): LocationsController->renderInternal()
#12 E:\wamp\www\yii\framework\web\CController.php(869): LocationsController->renderFile()
#13 E:\wamp\www\yii\framework\web\CController.php(782): LocationsController->renderPartial()
#14 E:\wamp\www\yii\newyii\protected\controllers\LocationsController.php(145): LocationsController->render()
#15 E:\wamp\www\yii\framework\web\actions\CInlineAction.php(49): LocationsController->actionAdmin()
#16 E:\wamp\www\yii\framework\web\CController.php(308): CInlineAction->runWithParams()
#17 E:\wamp\www\yii\framework\web\filters\CFilterChain.php(133): LocationsController->runAction()
#18 E:\wamp\www\yii\framework\web\filters\CFilter.php(40): CFilterChain->run()
#19 E:\wamp\www\yii\framework\web\CController.php(1145): CAccessControlFilter->filter()
#20 E:\wamp\www\yii\framework\web\filters\CInlineFilter.php(58): LocationsController->filterAccessControl()
#21 E:\wamp\www\yii\framework\web\filters\CFilterChain.php(130): CInlineFilter->filter()
#22 E:\wamp\www\yii\framework\web\CController.php(291): CFilterChain->run()
#23 E:\wamp\www\yii\framework\web\CController.php(265): LocationsController->runActionWithFilters()
#24 E:\wamp\www\yii\framework\web\CWebApplication.php(282): LocationsController->run()
#25 E:\wamp\www\yii\framework\web\CWebApplication.php(141): CWebApplication->runController()
#26 E:\wamp\www\yii\framework\base\CApplication.php(184): CWebApplication->processRequest()
#27 E:\wamp\www\yii\newyii\index.php(13): CWebApplication->run()
REQUEST_URI=/locations/admin?Locations_page=2
in E:\wamp\www\yii\newyii\protected\views\locations\admin.php (147)
in E:\wamp\www\yii\newyii\protected\controllers\LocationsController.php (145)
in E:\wamp\www\yii\newyii\index.php (13)
2015/01/07 20:07:47 [error] [exception.CException] exception 'CException' with message 'Property "CGridView.pageSize" is not defined.' in E:\wamp\www\yii\framework\base\CComponent.php:173
Stack trace:
#0 E:\wamp\www\yii\framework\web\CWidgetFactory.php(161): CComponent->__set('pageSize', '4')
#1 E:\wamp\www\yii\framework\web\CBaseController.php(146): CWidgetFactory->createWidget(Object(LocationsController), 'zii.widgets.gri...', Array)
#2 E:\wamp\www\yii\framework\web\CBaseController.php(180): CBaseController->createWidget('zii.widgets.gri...', Array)
#3 E:\wamp\www\yii\newyii\protected\views\locations\admin.php(144): CBaseController->widget('zii.widgets.gri...', Array)
#4 E:\wamp\www\yii\framework\web\CBaseController.php(126): require('E:\wamp\www\yii...')
#5 E:\wamp\www\yii\framework\web\CBaseController.php(95): CBaseController->renderInternal('E:\wamp\www\yii...', Array, true)
#6 E:\wamp\www\yii\framework\web\CController.php(869): CBaseController->renderFile('E:\wamp\www\yii...', Array, true)
#7 E:\wamp\www\yii\framework\web\CController.php(782): CController->renderPartial('admin', Array, true)
#8 E:\wamp\www\yii\newyii\protected\controllers\LocationsController.php(145): CController->render('admin', Array)
#9 E:\wamp\www\yii\framework\web\actions\CInlineAction.php(49): LocationsController->actionAdmin()
#10 E:\wamp\www\yii\framework\web\CController.php(308): CInlineAction->runWithParams(Array)
#11 E:\wamp\www\yii\framework\web\filters\CFilterChain.php(133): CController->runAction(Object(CInlineAction))
#12 E:\wamp\www\yii\framework\web\filters\CFilter.php(40): CFilterChain->run()
#13 E:\wamp\www\yii\framework\web\CController.php(1145): CFilter->filter(Object(CFilterChain))
#14 E:\wamp\www\yii\framework\web\filters\CInlineFilter.php(58): CController->filterAccessControl(Object(CFilterChain))
#15 E:\wamp\www\yii\framework\web\filters\CFilterChain.php(130): CInlineFilter->filter(Object(CFilterChain))
#16 E:\wamp\www\yii\framework\web\CController.php(291): CFilterChain->run()
#17 E:\wamp\www\yii\framework\web\CController.php(265): CController->runActionWithFilters(Object(CInlineAction), Array)
#18 E:\wamp\www\yii\framework\web\CWebApplication.php(282): CController->run('admin')
#19 E:\wamp\www\yii\framework\web\CWebApplication.php(141): CWebApplication->runController('locations/admin')
#20 E:\wamp\www\yii\framework\base\CApplication.php(184): CWebApplication->processRequest()
#21 E:\wamp\www\yii\newyii\index.php(13): CApplication->run()
#22 {main}
REQUEST_URI=/locations/admin?Locations_page=2
HTTP_REFERER=http://www.twadmin3.com/locations/admin
---
2015/01/07 20:08:23 [error] [exception.CException] exception 'CException' with message 'Property "CGridView.pagination" is not defined.' in E:\wamp\www\yii\framework\base\CComponent.php:173
Stack trace:
#0 E:\wamp\www\yii\framework\web\CWidgetFactory.php(161): CComponent->__set('pagination', Array)
#1 E:\wamp\www\yii\framework\web\CBaseController.php(146): CWidgetFactory->createWidget(Object(LocationsController), 'zii.widgets.gri...', Array)
#2 E:\wamp\www\yii\framework\web\CBaseController.php(180): CBaseController->createWidget('zii.widgets.gri...', Array)
#3 E:\wamp\www\yii\newyii\protected\views\locations\admin.php(146): CBaseController->widget('zii.widgets.gri...', Array)
#4 E:\wamp\www\yii\framework\web\CBaseController.php(126): require('E:\wamp\www\yii...')
#5 E:\wamp\www\yii\framework\web\CBaseController.php(95): CBaseController->renderInternal('E:\wamp\www\yii...', Array, true)
#6 E:\wamp\www\yii\framework\web\CController.php(869): CBaseController->renderFile('E:\wamp\www\yii...', Array, true)
#7 E:\wamp\www\yii\framework\web\CController.php(782): CController->renderPartial('admin', Array, true)
#8 E:\wamp\www\yii\newyii\protected\controllers\LocationsController.php(145): CController->render('admin', Array)
#9 E:\wamp\www\yii\framework\web\actions\CInlineAction.php(49): LocationsController->actionAdmin()
#10 E:\wamp\www\yii\framework\web\CController.php(308): CInlineAction->runWithParams(Array)
#11 E:\wamp\www\yii\framework\web\filters\CFilterChain.php(133): CController->runAction(Object(CInlineAction))
#12 E:\wamp\www\yii\framework\web\filters\CFilter.php(40): CFilterChain->run()
#13 E:\wamp\www\yii\framework\web\CController.php(1145): CFilter->filter(Object(CFilterChain))
#14 E:\wamp\www\yii\framework\web\filters\CInlineFilter.php(58): CController->filterAccessControl(Object(CFilterChain))
#15 E:\wamp\www\yii\framework\web\filters\CFilterChain.php(130): CInlineFilter->filter(Object(CFilterChain))
#16 E:\wamp\www\yii\framework\web\CController.php(291): CFilterChain->run()
#17 E:\wamp\www\yii\framework\web\CController.php(265): CController->runActionWithFilters(Object(CInlineAction), Array)
#18 E:\wamp\www\yii\framework\web\CWebApplication.php(282): CController->run('admin')
#19 E:\wamp\www\yii\framework\web\CWebApplication.php(141): CWebApplication->runController('locations/admin')
#20 E:\wamp\www\yii\framework\base\CApplication.php(184): CWebApplication->processRequest()
#21 E:\wamp\www\yii\newyii\index.php(13): CApplication->run()
#22 {main}
REQUEST_URI=/locations/admin?Locations_page=2
HTTP_REFERER=http://www.twadmin3.com/locations/admin
---
2015/01/07 20:11:27 [error] [exception.CException] exception 'CException' with message 'Property "CLinkPager.pagerCssClass" is not defined.' in E:\wamp\www\yii\framework\base\CComponent.php:173
Stack trace:
#0 E:\wamp\www\yii\framework\web\CWidgetFactory.php(161): CComponent->__set('pagerCssClass', 'pagination')
#1 E:\wamp\www\yii\framework\web\CBaseController.php(146): CWidgetFactory->createWidget(Object(CGridView), 'CLinkPager', Array)
#2 E:\wamp\www\yii\framework\web\CBaseController.php(180): CBaseController->createWidget('CLinkPager', Array)
#3 E:\wamp\www\yii\framework\zii\widgets\CBaseListView.php(285): CBaseController->widget('CLinkPager', Array)
#4 E:\wamp\www\yii\framework\zii\widgets\CBaseListView.php(181): CBaseListView->renderPager()
#5 [internal function]: CBaseListView->renderSection(Array)
#6 E:\wamp\www\yii\framework\zii\widgets\CBaseListView.php(164): preg_replace_callback('/{(\w+)}/', Array, '{summary}?{item...')
#7 E:\wamp\www\yii\framework\zii\widgets\CBaseListView.php(149): CBaseListView->renderContent()
#8 E:\wamp\www\yii\framework\web\CBaseController.php(181): CBaseListView->run()
#9 E:\wamp\www\yii\newyii\protected\views\locations\admin.php(145): CBaseController->widget('zii.widgets.gri...', Array)
#10 E:\wamp\www\yii\framework\web\CBaseController.php(126): require('E:\wamp\www\yii...')
#11 E:\wamp\www\yii\framework\web\CBaseController.php(95): CBaseController->renderInternal('E:\wamp\www\yii...', Array, true)
#12 E:\wamp\www\yii\framework\web\CController.php(869): CBaseController->renderFile('E:\wamp\www\yii...', Array, true)
#13 E:\wamp\www\yii\framework\web\CController.php(782): CController->renderPartial('admin', Array, true)
#14 E:\wamp\www\yii\newyii\protected\controllers\LocationsController.php(145): CController->render('admin', Array)
#15 E:\wamp\www\yii\framework\web\actions\CInlineAction.php(49): LocationsController->actionAdmin()
#16 E:\wamp\www\yii\framework\web\CController.php(308): CInlineAction->runWithParams(Array)
#17 E:\wamp\www\yii\framework\web\filters\CFilterChain.php(133): CController->runAction(Object(CInlineAction))
#18 E:\wamp\www\yii\framework\web\filters\CFilter.php(40): CFilterChain->run()
#19 E:\wamp\www\yii\framework\web\CController.php(1145): CFilter->filter(Object(CFilterChain))
#20 E:\wamp\www\yii\framework\web\filters\CInlineFilter.php(58): CController->filterAccessControl(Object(CFilterChain))
#21 E:\wamp\www\yii\framework\web\filters\CFilterChain.php(130): CInlineFilter->filter(Object(CFilterChain))
#22 E:\wamp\www\yii\framework\web\CController.php(291): CFilterChain->run()
#23 E:\wamp\www\yii\framework\web\CController.php(265): CController->runActionWithFilters(Object(CInlineAction), Array)
#24 E:\wamp\www\yii\framework\web\CWebApplication.php(282): CController->run('admin')
#25 E:\wamp\www\yii\framework\web\CWebApplication.php(141): CWebApplication->runController('locations/admin')
#26 E:\wamp\www\yii\framework\base\CApplication.php(184): CWebApplication->processRequest()
#27 E:\wamp\www\yii\newyii\index.php(13): CApplication->run()
#28 {main}
REQUEST_URI=/locations/admin?Locations_page=2
HTTP_REFERER=http://www.twadmin3.com/locations/admin
---
2015/01/07 20:40:25 [error] [php] Illegal offset type (E:\wamp\www\yii\newyii\protected\views\locations\admin.php:90)
Stack trace:
#0 E:\wamp\www\yii\framework\web\CController.php(869): LocationsController->renderFile()
#1 E:\wamp\www\yii\framework\web\CController.php(782): LocationsController->renderPartial()
#2 E:\wamp\www\yii\newyii\protected\controllers\LocationsController.php(145): LocationsController->render()
#3 E:\wamp\www\yii\framework\web\actions\CInlineAction.php(49): LocationsController->actionAdmin()
#4 E:\wamp\www\yii\framework\web\CController.php(308): CInlineAction->runWithParams()
#5 E:\wamp\www\yii\framework\web\filters\CFilterChain.php(133): LocationsController->runAction()
#6 E:\wamp\www\yii\framework\web\filters\CFilter.php(40): CFilterChain->run()
#7 E:\wamp\www\yii\framework\web\CController.php(1145): CAccessControlFilter->filter()
#8 E:\wamp\www\yii\framework\web\filters\CInlineFilter.php(58): LocationsController->filterAccessControl()
#9 E:\wamp\www\yii\framework\web\filters\CFilterChain.php(130): CInlineFilter->filter()
#10 E:\wamp\www\yii\framework\web\CController.php(291): CFilterChain->run()
#11 E:\wamp\www\yii\framework\web\CController.php(265): LocationsController->runActionWithFilters()
#12 E:\wamp\www\yii\framework\web\CWebApplication.php(282): LocationsController->run()
#13 E:\wamp\www\yii\framework\web\CWebApplication.php(141): CWebApplication->runController()
#14 E:\wamp\www\yii\framework\base\CApplication.php(184): CWebApplication->processRequest()
#15 E:\wamp\www\yii\newyii\index.php(13): CWebApplication->run()
REQUEST_URI=/locations/admin
in E:\wamp\www\yii\newyii\protected\views\locations\admin.php (90)
in E:\wamp\www\yii\newyii\protected\controllers\LocationsController.php (145)
in E:\wamp\www\yii\newyii\index.php (13)
2015/01/07 20:41:38 [error] [exception.CException] exception 'CException' with message 'Property "CActiveDataProvider.pageSize" is not defined.' in E:\wamp\www\yii\framework\base\CComponent.php:173
Stack trace:
#0 E:\wamp\www\yii\framework\web\CActiveDataProvider.php(96): CComponent->__set('pageSize', 2)
#1 E:\wamp\www\yii\newyii\protected\models\Locations.php(184): CActiveDataProvider->__construct(Object(Locations), Array)
#2 E:\wamp\www\yii\newyii\protected\views\locations\admin.php(87): Locations->search()
#3 E:\wamp\www\yii\framework\web\CBaseController.php(126): require('E:\wamp\www\yii...')
#4 E:\wamp\www\yii\framework\web\CBaseController.php(95): CBaseController->renderInternal('E:\wamp\www\yii...', Array, true)
#5 E:\wamp\www\yii\framework\web\CController.php(869): CBaseController->renderFile('E:\wamp\www\yii...', Array, true)
#6 E:\wamp\www\yii\framework\web\CController.php(782): CController->renderPartial('admin', Array, true)
#7 E:\wamp\www\yii\newyii\protected\controllers\LocationsController.php(145): CController->render('admin', Array)
#8 E:\wamp\www\yii\framework\web\actions\CInlineAction.php(49): LocationsController->actionAdmin()
#9 E:\wamp\www\yii\framework\web\CController.php(308): CInlineAction->runWithParams(Array)
#10 E:\wamp\www\yii\framework\web\filters\CFilterChain.php(133): CController->runAction(Object(CInlineAction))
#11 E:\wamp\www\yii\framework\web\filters\CFilter.php(40): CFilterChain->run()
#12 E:\wamp\www\yii\framework\web\CController.php(1145): CFilter->filter(Object(CFilterChain))
#13 E:\wamp\www\yii\framework\web\filters\CInlineFilter.php(58): CController->filterAccessControl(Object(CFilterChain))
#14 E:\wamp\www\yii\framework\web\filters\CFilterChain.php(130): CInlineFilter->filter(Object(CFilterChain))
#15 E:\wamp\www\yii\framework\web\CController.php(291): CFilterChain->run()
#16 E:\wamp\www\yii\framework\web\CController.php(265): CController->runActionWithFilters(Object(CInlineAction), Array)
#17 E:\wamp\www\yii\framework\web\CWebApplication.php(282): CController->run('admin')
#18 E:\wamp\www\yii\framework\web\CWebApplication.php(141): CWebApplication->runController('locations/admin')
#19 E:\wamp\www\yii\framework\base\CApplication.php(184): CWebApplication->processRequest()
#20 E:\wamp\www\yii\newyii\index.php(13): CApplication->run()
#21 {main}
REQUEST_URI=/locations/admin
HTTP_REFERER=http://www.twadmin3.com/locations/admin?Locations_page=2
---
2015/01/07 20:41:41 [error] [exception.CException] exception 'CException' with message 'Property "CActiveDataProvider.pageSize" is not defined.' in E:\wamp\www\yii\framework\base\CComponent.php:173
Stack trace:
#0 E:\wamp\www\yii\framework\web\CActiveDataProvider.php(96): CComponent->__set('pageSize', 2)
#1 E:\wamp\www\yii\newyii\protected\models\Locations.php(184): CActiveDataProvider->__construct(Object(Locations), Array)
#2 E:\wamp\www\yii\newyii\protected\views\locations\admin.php(87): Locations->search()
#3 E:\wamp\www\yii\framework\web\CBaseController.php(126): require('E:\wamp\www\yii...')
#4 E:\wamp\www\yii\framework\web\CBaseController.php(95): CBaseController->renderInternal('E:\wamp\www\yii...', Array, true)
#5 E:\wamp\www\yii\framework\web\CController.php(869): CBaseController->renderFile('E:\wamp\www\yii...', Array, true)
#6 E:\wamp\www\yii\framework\web\CController.php(782): CController->renderPartial('admin', Array, true)
#7 E:\wamp\www\yii\newyii\protected\controllers\LocationsController.php(145): CController->render('admin', Array)
#8 E:\wamp\www\yii\framework\web\actions\CInlineAction.php(49): LocationsController->actionAdmin()
#9 E:\wamp\www\yii\framework\web\CController.php(308): CInlineAction->runWithParams(Array)
#10 E:\wamp\www\yii\framework\web\filters\CFilterChain.php(133): CController->runAction(Object(CInlineAction))
#11 E:\wamp\www\yii\framework\web\filters\CFilter.php(40): CFilterChain->run()
#12 E:\wamp\www\yii\framework\web\CController.php(1145): CFilter->filter(Object(CFilterChain))
#13 E:\wamp\www\yii\framework\web\filters\CInlineFilter.php(58): CController->filterAccessControl(Object(CFilterChain))
#14 E:\wamp\www\yii\framework\web\filters\CFilterChain.php(130): CInlineFilter->filter(Object(CFilterChain))
#15 E:\wamp\www\yii\framework\web\CController.php(291): CFilterChain->run()
#16 E:\wamp\www\yii\framework\web\CController.php(265): CController->runActionWithFilters(Object(CInlineAction), Array)
#17 E:\wamp\www\yii\framework\web\CWebApplication.php(282): CController->run('admin')
#18 E:\wamp\www\yii\framework\web\CWebApplication.php(141): CWebApplication->runController('locations/admin')
#19 E:\wamp\www\yii\framework\base\CApplication.php(184): CWebApplication->processRequest()
#20 E:\wamp\www\yii\newyii\index.php(13): CApplication->run()
#21 {main}
REQUEST_URI=/locations/admin
HTTP_REFERER=http://www.twadmin3.com/locations/admin?Locations_page=2
---
2015/01/08 16:25:04 [error] [exception.CHttpException.404] exception 'CHttpException' with message 'Unable to resolve the request "categories/admin".' in E:\wamp\www\yii\framework\web\CWebApplication.php:286
Stack trace:
#0 E:\wamp\www\yii\framework\web\CWebApplication.php(141): CWebApplication->runController('categories/admi...')
#1 E:\wamp\www\yii\framework\base\CApplication.php(184): CWebApplication->processRequest()
#2 E:\wamp\www\yii\newyii\index.php(13): CApplication->run()
#3 {main}
REQUEST_URI=/index.php/categories/admin
HTTP_REFERER=http://www.twadmin3.com/locations/admin
---
2015/01/08 16:27:54 [error] [system.db.CDbCommand] CDbCommand::fetchAll() failed: SQLSTATE[42S02]: Base table or view not found: 1146 Table 'masterdefaultv4.jos_jev_locations' doesn't exist. The SQL statement executed was: SHOW FULL COLUMNS FROM `jos_jev_locations`.
in E:\wamp\www\yii\newyii\protected\controllers\LocationsController.php (138)
in E:\wamp\www\yii\newyii\index.php (13)
2015/01/08 16:27:54 [error] [exception.CDbException] exception 'CDbException' with message 'The table "jos_jev_locations" for active record class "Locations" cannot be found in the database.' in E:\wamp\www\yii\framework\db\ar\CActiveRecord.php:2385
Stack trace:
#0 E:\wamp\www\yii\framework\db\ar\CActiveRecord.php(411): CActiveRecordMetaData->__construct(Object(Locations))
#1 E:\wamp\www\yii\framework\db\ar\CActiveRecord.php(79): CActiveRecord->getMetaData()
#2 E:\wamp\www\yii\newyii\protected\controllers\LocationsController.php(138): CActiveRecord->__construct('search')
#3 E:\wamp\www\yii\framework\web\actions\CInlineAction.php(49): LocationsController->actionAdmin()
#4 E:\wamp\www\yii\framework\web\CController.php(308): CInlineAction->runWithParams(Array)
#5 E:\wamp\www\yii\framework\web\filters\CFilterChain.php(133): CController->runAction(Object(CInlineAction))
#6 E:\wamp\www\yii\framework\web\filters\CFilter.php(40): CFilterChain->run()
#7 E:\wamp\www\yii\framework\web\CController.php(1145): CFilter->filter(Object(CFilterChain))
#8 E:\wamp\www\yii\framework\web\filters\CInlineFilter.php(58): CController->filterAccessControl(Object(CFilterChain))
#9 E:\wamp\www\yii\framework\web\filters\CFilterChain.php(130): CInlineFilter->filter(Object(CFilterChain))
#10 E:\wamp\www\yii\framework\web\CController.php(291): CFilterChain->run()
#11 E:\wamp\www\yii\framework\web\CController.php(265): CController->runActionWithFilters(Object(CInlineAction), Array)
#12 E:\wamp\www\yii\framework\web\CWebApplication.php(282): CController->run('admin')
#13 E:\wamp\www\yii\framework\web\CWebApplication.php(141): CWebApplication->runController('locations/admin')
#14 E:\wamp\www\yii\framework\base\CApplication.php(184): CWebApplication->processRequest()
#15 E:\wamp\www\yii\newyii\index.php(13): CApplication->run()
#16 {main}
REQUEST_URI=/locations/admin
HTTP_REFERER=http://www.twadmin3.com/index.php/categories/admin
---
2015/01/08 16:35:16 [error] [exception.CException] exception 'CException' with message 'Property "CGridView.name" is not defined.' in E:\wamp\www\yii\framework\base\CComponent.php:173
Stack trace:
#0 E:\wamp\www\yii\framework\web\CWidgetFactory.php(161): CComponent->__set('name', 'Column name')
#1 E:\wamp\www\yii\framework\web\CBaseController.php(146): CWidgetFactory->createWidget(Object(LocationsController), 'zii.widgets.gri...', Array)
#2 E:\wamp\www\yii\framework\web\CBaseController.php(180): CBaseController->createWidget('zii.widgets.gri...', Array)
#3 E:\wamp\www\yii\newyii\protected\views\locations\admin.php(151): CBaseController->widget('zii.widgets.gri...', Array)
#4 E:\wamp\www\yii\framework\web\CBaseController.php(126): require('E:\wamp\www\yii...')
#5 E:\wamp\www\yii\framework\web\CBaseController.php(95): CBaseController->renderInternal('E:\wamp\www\yii...', Array, true)
#6 E:\wamp\www\yii\framework\web\CController.php(869): CBaseController->renderFile('E:\wamp\www\yii...', Array, true)
#7 E:\wamp\www\yii\framework\web\CController.php(782): CController->renderPartial('admin', Array, true)
#8 E:\wamp\www\yii\newyii\protected\controllers\LocationsController.php(145): CController->render('admin', Array)
#9 E:\wamp\www\yii\framework\web\actions\CInlineAction.php(49): LocationsController->actionAdmin()
#10 E:\wamp\www\yii\framework\web\CController.php(308): CInlineAction->runWithParams(Array)
#11 E:\wamp\www\yii\framework\web\filters\CFilterChain.php(133): CController->runAction(Object(CInlineAction))
#12 E:\wamp\www\yii\framework\web\filters\CFilter.php(40): CFilterChain->run()
#13 E:\wamp\www\yii\framework\web\CController.php(1145): CFilter->filter(Object(CFilterChain))
#14 E:\wamp\www\yii\framework\web\filters\CInlineFilter.php(58): CController->filterAccessControl(Object(CFilterChain))
#15 E:\wamp\www\yii\framework\web\filters\CFilterChain.php(130): CInlineFilter->filter(Object(CFilterChain))
#16 E:\wamp\www\yii\framework\web\CController.php(291): CFilterChain->run()
#17 E:\wamp\www\yii\framework\web\CController.php(265): CController->runActionWithFilters(Object(CInlineAction), Array)
#18 E:\wamp\www\yii\framework\web\CWebApplication.php(282): CController->run('admin')
#19 E:\wamp\www\yii\framework\web\CWebApplication.php(141): CWebApplication->runController('locations/admin')
#20 E:\wamp\www\yii\framework\base\CApplication.php(184): CWebApplication->processRequest()
#21 E:\wamp\www\yii\newyii\index.php(13): CApplication->run()
#22 {main}
REQUEST_URI=/locations/admin
HTTP_REFERER=http://www.twadmin3.com/locations/admin
---
2015/01/08 16:35:32 [error] [exception.CException] exception 'CException' with message 'Property "CGridView.name" is not defined.' in E:\wamp\www\yii\framework\base\CComponent.php:173
Stack trace:
#0 E:\wamp\www\yii\framework\web\CWidgetFactory.php(161): CComponent->__set('name', 'Column name')
#1 E:\wamp\www\yii\framework\web\CBaseController.php(146): CWidgetFactory->createWidget(Object(LocationsController), 'zii.widgets.gri...', Array)
#2 E:\wamp\www\yii\framework\web\CBaseController.php(180): CBaseController->createWidget('zii.widgets.gri...', Array)
#3 E:\wamp\www\yii\newyii\protected\views\locations\admin.php(152): CBaseController->widget('zii.widgets.gri...', Array)
#4 E:\wamp\www\yii\framework\web\CBaseController.php(126): require('E:\wamp\www\yii...')
#5 E:\wamp\www\yii\framework\web\CBaseController.php(95): CBaseController->renderInternal('E:\wamp\www\yii...', Array, true)
#6 E:\wamp\www\yii\framework\web\CController.php(869): CBaseController->renderFile('E:\wamp\www\yii...', Array, true)
#7 E:\wamp\www\yii\framework\web\CController.php(782): CController->renderPartial('admin', Array, true)
#8 E:\wamp\www\yii\newyii\protected\controllers\LocationsController.php(145): CController->render('admin', Array)
#9 E:\wamp\www\yii\framework\web\actions\CInlineAction.php(49): LocationsController->actionAdmin()
#10 E:\wamp\www\yii\framework\web\CController.php(308): CInlineAction->runWithParams(Array)
#11 E:\wamp\www\yii\framework\web\filters\CFilterChain.php(133): CController->runAction(Object(CInlineAction))
#12 E:\wamp\www\yii\framework\web\filters\CFilter.php(40): CFilterChain->run()
#13 E:\wamp\www\yii\framework\web\CController.php(1145): CFilter->filter(Object(CFilterChain))
#14 E:\wamp\www\yii\framework\web\filters\CInlineFilter.php(58): CController->filterAccessControl(Object(CFilterChain))
#15 E:\wamp\www\yii\framework\web\filters\CFilterChain.php(130): CInlineFilter->filter(Object(CFilterChain))
#16 E:\wamp\www\yii\framework\web\CController.php(291): CFilterChain->run()
#17 E:\wamp\www\yii\framework\web\CController.php(265): CController->runActionWithFilters(Object(CInlineAction), Array)
#18 E:\wamp\www\yii\framework\web\CWebApplication.php(282): CController->run('admin')
#19 E:\wamp\www\yii\framework\web\CWebApplication.php(141): CWebApplication->runController('locations/admin')
#20 E:\wamp\www\yii\framework\base\CApplication.php(184): CWebApplication->processRequest()
#21 E:\wamp\www\yii\newyii\index.php(13): CApplication->run()
#22 {main}
REQUEST_URI=/locations/admin
HTTP_REFERER=http://www.twadmin3.com/locations/admin
---
2015/01/08 16:35:44 [error] [exception.CException] exception 'CException' with message 'Property "CGridView.header" is not defined.' in E:\wamp\www\yii\framework\base\CComponent.php:173
Stack trace:
#0 E:\wamp\www\yii\framework\web\CWidgetFactory.php(161): CComponent->__set('header', 'Column name')
#1 E:\wamp\www\yii\framework\web\CBaseController.php(146): CWidgetFactory->createWidget(Object(LocationsController), 'zii.widgets.gri...', Array)
#2 E:\wamp\www\yii\framework\web\CBaseController.php(180): CBaseController->createWidget('zii.widgets.gri...', Array)
#3 E:\wamp\www\yii\newyii\protected\views\locations\admin.php(152): CBaseController->widget('zii.widgets.gri...', Array)
#4 E:\wamp\www\yii\framework\web\CBaseController.php(126): require('E:\wamp\www\yii...')
#5 E:\wamp\www\yii\framework\web\CBaseController.php(95): CBaseController->renderInternal('E:\wamp\www\yii...', Array, true)
#6 E:\wamp\www\yii\framework\web\CController.php(869): CBaseController->renderFile('E:\wamp\www\yii...', Array, true)
#7 E:\wamp\www\yii\framework\web\CController.php(782): CController->renderPartial('admin', Array, true)
#8 E:\wamp\www\yii\newyii\protected\controllers\LocationsController.php(145): CController->render('admin', Array)
#9 E:\wamp\www\yii\framework\web\actions\CInlineAction.php(49): LocationsController->actionAdmin()
#10 E:\wamp\www\yii\framework\web\CController.php(308): CInlineAction->runWithParams(Array)
#11 E:\wamp\www\yii\framework\web\filters\CFilterChain.php(133): CController->runAction(Object(CInlineAction))
#12 E:\wamp\www\yii\framework\web\filters\CFilter.php(40): CFilterChain->run()
#13 E:\wamp\www\yii\framework\web\CController.php(1145): CFilter->filter(Object(CFilterChain))
#14 E:\wamp\www\yii\framework\web\filters\CInlineFilter.php(58): CController->filterAccessControl(Object(CFilterChain))
#15 E:\wamp\www\yii\framework\web\filters\CFilterChain.php(130): CInlineFilter->filter(Object(CFilterChain))
#16 E:\wamp\www\yii\framework\web\CController.php(291): CFilterChain->run()
#17 E:\wamp\www\yii\framework\web\CController.php(265): CController->runActionWithFilters(Object(CInlineAction), Array)
#18 E:\wamp\www\yii\framework\web\CWebApplication.php(282): CController->run('admin')
#19 E:\wamp\www\yii\framework\web\CWebApplication.php(141): CWebApplication->runController('locations/admin')
#20 E:\wamp\www\yii\framework\base\CApplication.php(184): CWebApplication->processRequest()
#21 E:\wamp\www\yii\newyii\index.php(13): CApplication->run()
#22 {main}
REQUEST_URI=/locations/admin
HTTP_REFERER=http://www.twadmin3.com/locations/admin
---
2015/01/08 18:06:17 [warning] [application] Failed to set unsafe attribute "description" of "Locations".
in E:\wamp\www\yii\newyii\protected\controllers\LocationsController.php (96)
in E:\wamp\www\yii\newyii\index.php (13)
2015/01/08 18:10:41 [error] [php] include(city.php) [<a href='function.include'>function.include</a>]: failed to open stream: No such file or directory (E:\wamp\www\yii\framework\YiiBase.php:432)
Stack trace:
#0 unknown(0): spl_autoload_call()
#1 E:\wamp\www\yii\framework\YiiBase.php(303): class_exists()
#2 E:\wamp\www\yii\framework\validators\CValidator.php(174): import()
#3 E:\wamp\www\yii\framework\base\CModel.php(287): createValidator()
#4 E:\wamp\www\yii\framework\base\CModel.php(260): Locations->createValidators()
#5 E:\wamp\www\yii\framework\base\CModel.php(304): Locations->getValidators()
#6 E:\wamp\www\yii\framework\web\helpers\CHtml.php(1513): Locations->isAttributeRequired()
#7 E:\wamp\www\yii\framework\web\widgets\CActiveForm.php(600): activeLabelEx()
#8 E:\wamp\www\yii\newyii\protected\views\locations\_form.php(23): CActiveForm->labelEx()
#9 E:\wamp\www\yii\framework\web\CBaseController.php(126): require()
#10 E:\wamp\www\yii\framework\web\CBaseController.php(95): LocationsController->renderInternal()
#11 E:\wamp\www\yii\framework\web\CController.php(869): LocationsController->renderFile()
#12 E:\wamp\www\yii\newyii\protected\views\locations\create.php(19): LocationsController->renderPartial()
#13 E:\wamp\www\yii\framework\web\CBaseController.php(126): require()
#14 E:\wamp\www\yii\framework\web\CBaseController.php(95): LocationsController->renderInternal()
#15 E:\wamp\www\yii\framework\web\CController.php(869): LocationsController->renderFile()
#16 E:\wamp\www\yii\framework\web\CController.php(782): LocationsController->renderPartial()
#17 E:\wamp\www\yii\newyii\protected\controllers\LocationsController.php(79): LocationsController->render()
#18 E:\wamp\www\yii\framework\web\actions\CInlineAction.php(49): LocationsController->actionCreate()
#19 E:\wamp\www\yii\framework\web\CController.php(308): CInlineAction->runWithParams()
#20 E:\wamp\www\yii\framework\web\filters\CFilterChain.php(133): LocationsController->runAction()
#21 E:\wamp\www\yii\framework\web\filters\CFilter.php(40): CFilterChain->run()
#22 E:\wamp\www\yii\framework\web\CController.php(1145): CAccessControlFilter->filter()
#23 E:\wamp\www\yii\framework\web\filters\CInlineFilter.php(58): LocationsController->filterAccessControl()
#24 E:\wamp\www\yii\framework\web\filters\CFilterChain.php(130): CInlineFilter->filter()
#25 E:\wamp\www\yii\framework\web\CController.php(291): CFilterChain->run()
#26 E:\wamp\www\yii\framework\web\CController.php(265): LocationsController->runActionWithFilters()
#27 E:\wamp\www\yii\framework\web\CWebApplication.php(282): LocationsController->run()
#28 E:\wamp\www\yii\framework\web\CWebApplication.php(141): CWebApplication->runController()
#29 E:\wamp\www\yii\framework\base\CApplication.php(184): CWebApplication->processRequest()
#30 E:\wamp\www\yii\newyii\index.php(13): CWebApplication->run()
REQUEST_URI=/locations/create
in E:\wamp\www\yii\newyii\protected\views\locations\_form.php (23)
in E:\wamp\www\yii\newyii\protected\views\locations\create.php (19)
in E:\wamp\www\yii\newyii\protected\controllers\LocationsController.php (79)
2015/01/08 18:10:46 [error] [php] include(city.php) [<a href='function.include'>function.include</a>]: failed to open stream: No such file or directory (E:\wamp\www\yii\framework\YiiBase.php:432)
Stack trace:
#0 unknown(0): spl_autoload_call()
#1 E:\wamp\www\yii\framework\YiiBase.php(303): class_exists()
#2 E:\wamp\www\yii\framework\validators\CValidator.php(174): import()
#3 E:\wamp\www\yii\framework\base\CModel.php(287): createValidator()
#4 E:\wamp\www\yii\framework\base\CModel.php(260): Locations->createValidators()
#5 E:\wamp\www\yii\framework\web\helpers\CHtml.php(2435): Locations->getValidators()
#6 E:\wamp\www\yii\framework\web\helpers\CHtml.php(1533): activeInputField()
#7 E:\wamp\www\yii\framework\web\widgets\CActiveForm.php(792): activeTextField()
#8 E:\wamp\www\yii\newyii\protected\views\locations\_search.php(16): CActiveForm->textField()
#9 E:\wamp\www\yii\framework\web\CBaseController.php(126): require()
#10 E:\wamp\www\yii\framework\web\CBaseController.php(95): LocationsController->renderInternal()
#11 E:\wamp\www\yii\framework\web\CController.php(869): LocationsController->renderFile()
#12 E:\wamp\www\yii\newyii\protected\views\locations\admin.php(59): LocationsController->renderPartial()
#13 E:\wamp\www\yii\framework\web\CBaseController.php(126): require()
#14 E:\wamp\www\yii\framework\web\CBaseController.php(95): LocationsController->renderInternal()
#15 E:\wamp\www\yii\framework\web\CController.php(869): LocationsController->renderFile()
#16 E:\wamp\www\yii\framework\web\CController.php(782): LocationsController->renderPartial()
#17 E:\wamp\www\yii\newyii\protected\controllers\LocationsController.php(145): LocationsController->render()
#18 E:\wamp\www\yii\framework\web\actions\CInlineAction.php(49): LocationsController->actionAdmin()
#19 E:\wamp\www\yii\framework\web\CController.php(308): CInlineAction->runWithParams()
#20 E:\wamp\www\yii\framework\web\filters\CFilterChain.php(133): LocationsController->runAction()
#21 E:\wamp\www\yii\framework\web\filters\CFilter.php(40): CFilterChain->run()
#22 E:\wamp\www\yii\framework\web\CController.php(1145): CAccessControlFilter->filter()
#23 E:\wamp\www\yii\framework\web\filters\CInlineFilter.php(58): LocationsController->filterAccessControl()
#24 E:\wamp\www\yii\framework\web\filters\CFilterChain.php(130): CInlineFilter->filter()
#25 E:\wamp\www\yii\framework\web\CController.php(291): CFilterChain->run()
#26 E:\wamp\www\yii\framework\web\CController.php(265): LocationsController->runActionWithFilters()
#27 E:\wamp\www\yii\framework\web\CWebApplication.php(282): LocationsController->run()
#28 E:\wamp\www\yii\framework\web\CWebApplication.php(141): CWebApplication->runController()
#29 E:\wamp\www\yii\framework\base\CApplication.php(184): CWebApplication->processRequest()
#30 E:\wamp\www\yii\newyii\index.php(13): CWebApplication->run()
REQUEST_URI=/locations/admin
in E:\wamp\www\yii\newyii\protected\views\locations\_search.php (16)
in E:\wamp\www\yii\newyii\protected\views\locations\admin.php (59)
in E:\wamp\www\yii\newyii\protected\controllers\LocationsController.php (145)
2015/01/08 18:10:50 [error] [php] include(city.php) [<a href='function.include'>function.include</a>]: failed to open stream: No such file or directory (E:\wamp\www\yii\framework\YiiBase.php:432)
Stack trace:
#0 unknown(0): spl_autoload_call()
#1 E:\wamp\www\yii\framework\YiiBase.php(303): class_exists()
#2 E:\wamp\www\yii\framework\validators\CValidator.php(174): import()
#3 E:\wamp\www\yii\framework\base\CModel.php(287): createValidator()
#4 E:\wamp\www\yii\framework\base\CModel.php(260): Locations->createValidators()
#5 E:\wamp\www\yii\framework\web\helpers\CHtml.php(2435): Locations->getValidators()
#6 E:\wamp\www\yii\framework\web\helpers\CHtml.php(1533): activeInputField()
#7 E:\wamp\www\yii\framework\web\widgets\CActiveForm.php(792): activeTextField()
#8 E:\wamp\www\yii\newyii\protected\views\locations\_search.php(16): CActiveForm->textField()
#9 E:\wamp\www\yii\framework\web\CBaseController.php(126): require()
#10 E:\wamp\www\yii\framework\web\CBaseController.php(95): LocationsController->renderInternal()
#11 E:\wamp\www\yii\framework\web\CController.php(869): LocationsController->renderFile()
#12 E:\wamp\www\yii\newyii\protected\views\locations\admin.php(59): LocationsController->renderPartial()
#13 E:\wamp\www\yii\framework\web\CBaseController.php(126): require()
#14 E:\wamp\www\yii\framework\web\CBaseController.php(95): LocationsController->renderInternal()
#15 E:\wamp\www\yii\framework\web\CController.php(869): LocationsController->renderFile()
#16 E:\wamp\www\yii\framework\web\CController.php(782): LocationsController->renderPartial()
#17 E:\wamp\www\yii\newyii\protected\controllers\LocationsController.php(145): LocationsController->render()
#18 E:\wamp\www\yii\framework\web\actions\CInlineAction.php(49): LocationsController->actionAdmin()
#19 E:\wamp\www\yii\framework\web\CController.php(308): CInlineAction->runWithParams()
#20 E:\wamp\www\yii\framework\web\filters\CFilterChain.php(133): LocationsController->runAction()
#21 E:\wamp\www\yii\framework\web\filters\CFilter.php(40): CFilterChain->run()
#22 E:\wamp\www\yii\framework\web\CController.php(1145): CAccessControlFilter->filter()
#23 E:\wamp\www\yii\framework\web\filters\CInlineFilter.php(58): LocationsController->filterAccessControl()
#24 E:\wamp\www\yii\framework\web\filters\CFilterChain.php(130): CInlineFilter->filter()
#25 E:\wamp\www\yii\framework\web\CController.php(291): CFilterChain->run()
#26 E:\wamp\www\yii\framework\web\CController.php(265): LocationsController->runActionWithFilters()
#27 E:\wamp\www\yii\framework\web\CWebApplication.php(282): LocationsController->run()
#28 E:\wamp\www\yii\framework\web\CWebApplication.php(141): CWebApplication->runController()
#29 E:\wamp\www\yii\framework\base\CApplication.php(184): CWebApplication->processRequest()
#30 E:\wamp\www\yii\newyii\index.php(13): CWebApplication->run()
REQUEST_URI=/locations/admin
in E:\wamp\www\yii\newyii\protected\views\locations\_search.php (16)
in E:\wamp\www\yii\newyii\protected\views\locations\admin.php (59)
in E:\wamp\www\yii\newyii\protected\controllers\LocationsController.php (145)
2015/01/08 18:11:47 [warning] [application] Failed to set unsafe attribute "description" of "Locations".
in E:\wamp\www\yii\newyii\protected\controllers\LocationsController.php (72)
in E:\wamp\www\yii\newyii\index.php (13)
2015/01/08 18:12:05 [warning] [application] Failed to set unsafe attribute "description" of "Locations".
in E:\wamp\www\yii\newyii\protected\controllers\LocationsController.php (72)
in E:\wamp\www\yii\newyii\index.php (13)
2015/01/08 18:12:37 [warning] [application] Failed to set unsafe attribute "description" of "Locations".
in E:\wamp\www\yii\newyii\protected\controllers\LocationsController.php (96)
in E:\wamp\www\yii\newyii\index.php (13)
2015/01/08 18:12:55 [warning] [application] Failed to set unsafe attribute "description" of "Locations".
in E:\wamp\www\yii\newyii\protected\controllers\LocationsController.php (96)
in E:\wamp\www\yii\newyii\index.php (13)
2015/01/08 18:14:11 [warning] [application] Failed to set unsafe attribute "description" of "Locations".
in E:\wamp\www\yii\newyii\protected\controllers\LocationsController.php (96)
in E:\wamp\www\yii\newyii\index.php (13)
